<?xml version="1.0" encoding="UTF-8"?>
<!-- Generated by org.testng.reporters.JUnitXMLReporter -->
<testsuite ignored="0" hostname="SHOBHA" failures="0" tests="1" name="Test-Runner-2" time="52.251" errors="0" timestamp="2023-10-11T20:42:56 IST">
  <testcase classname="TestNG_Explore.CreateContactOrgUsingBaseClassTest" name="CreateContactOrgTest" time="26.26"/>
</testsuite> <!-- Test-Runner-2 -->
