<?xml version="1.0" encoding="UTF-8"?>
<!-- Generated by org.testng.reporters.JUnitReportReporter -->
<testsuite hostname="SHOBHA" failures="0" tests="1" name="vtiger.Practice.AssertionsHard" time="0.026" errors="0" timestamp="2023-08-29T14:16:46 IST" skipped="0">
  <testcase classname="vtiger.Practice.AssertionsHard" name="test" time="0.026"/>
  <system-out/>
</testsuite> <!-- vtiger.Practice.AssertionsHard -->
