<?xml version="1.0" encoding="UTF-8"?>
<!-- Generated by org.testng.reporters.JUnitReportReporter -->
<testsuite hostname="SHOBHA" failures="0" tests="1" name="TestNG_Explore.AssertionSoftPractice" time="0.010" errors="0" timestamp="2023-10-18T21:01:11 IST" skipped="0">
  <testcase classname="TestNG_Explore.AssertionSoftPractice" name="practice1" time="0.010"/>
</testsuite> <!-- TestNG_Explore.AssertionSoftPractice -->
