<?xml version="1.0" encoding="UTF-8"?>
<!-- Generated by org.testng.reporters.JUnitReportReporter -->
<testsuite hostname="SHOBHA" failures="0" tests="1" name="vtiger.Practice.testNgPractice" time="0.016" errors="0" timestamp="2023-08-21T14:50:54 IST" skipped="0">
  <testcase classname="vtiger.Practice.testNgPractice" name="Hi" time="0.016"/>
  <system-out/>
</testsuite> <!-- vtiger.Practice.testNgPractice -->
