<?xml version="1.0" encoding="UTF-8"?>
<!-- Generated by org.testng.reporters.JUnitReportReporter -->
<testsuite hostname="SHOBHA" failures="0" tests="3" name="vtiger.Practice.DataProviderPractice" time="0.031" errors="0" timestamp="2023-10-05T20:53:18 IST" skipped="0">
  <testcase classname="vtiger.Practice.DataProviderPractice" name="addProductToCart" time="0.002"/>
  <system-out/>
  <testcase classname="vtiger.Practice.DataProviderPractice" name="addProductToCart" time="0.001"/>
  <system-out/>
  <testcase classname="vtiger.Practice.DataProviderPractice" name="addProductToCart" time="0.028"/>
  <system-out/>
</testsuite> <!-- vtiger.Practice.DataProviderPractice -->
